<?xml version='1.0' encoding='UTF-8'?>
<testsuite hostname="74ebd7f173cc" name="org.graphframes.PatternMatchSuite" tests="34" errors="0" failures="0" skipped="0" time="7.264">
                     <properties>
[...]
</properties>
                     <testcase classname="org.graphframes.PatternMatchSuite" name="test compareResultToExpected" time="0.002">
                                                 
                                               </testcase><testcase classname="org.graphframes.PatternMatchSuite" name="empty query should return nothing" time="0.02">
                                                 
                                               </testcase><testcase classname="org.graphframes.PatternMatchSuite" name="filter edges and drop isolated vertices" time="0.111">
                                                 
                                               </testcase><testcase classname="org.graphframes.PatternMatchSuite" name="filter vertices" time="0.136">
                                                 
                                               </testcase><testcase classname="org.graphframes.PatternMatchSuite" name="triangles" time="0.139">
                                                 
                                               </testcase><testcase classname="org.graphframes.PatternMatchSuite" name="single named vertex" time="0.022">
                                                 
                                               </testcase><testcase classname="org.graphframes.PatternMatchSuite" name="triplet with anonymous edge" time="0.07">
                                                 
                                               </testcase><testcase classname="org.graphframes.PatternMatchSuite" name="triplet with named edge" time="0.263">
                                                 
                                               </testcase><testcase classname="org.graphframes.PatternMatchSuite" name="triplet with anonymous vertex" time="0.065">
                                                 
                                               </testcase><testcase classname="org.graphframes.PatternMatchSuite" name="triplet with 2 anonymous vertices" time="0.02">
                                                 
                                               </testcase><testcase classname="org.graphframes.PatternMatchSuite" name="self-loop" time="0.205">
                                                 
                                               </testcase><testcase classname="org.graphframes.PatternMatchSuite" name="duplicate edges" time="0.086">
                                                 
                                               </testcase><testcase classname="org.graphframes.PatternMatchSuite" name="triangle cycles" time="0.151">
                                                 
                                               </testcase><testcase classname="org.graphframes.PatternMatchSuite" name="disconnected edges create an outer join" time="0.228">
                                                 
                                               </testcase><testcase classname="org.graphframes.PatternMatchSuite" name="edges without back edges" time="0.327">
                                                 
                                               </testcase><testcase classname="org.graphframes.PatternMatchSuite" name="a-&gt;b-&gt;c but not c-&gt;a" time="0.332">
                                                 
                                               </testcase><testcase classname="org.graphframes.PatternMatchSuite" name="three connected vertices not in a triangle" time="0.51">
                                                 
                                               </testcase><testcase classname="org.graphframes.PatternMatchSuite" name="a-&gt;b but not b-&gt;c" time="0.232">
                                                 
                                               </testcase><testcase classname="org.graphframes.PatternMatchSuite" name="a-&gt;b where b has no out edges" time="0.165">
                                                 
                                               </testcase><testcase classname="org.graphframes.PatternMatchSuite" name="a-&gt;b but not c-&gt;d" time="0.529">
                                                 
                                               </testcase><testcase classname="org.graphframes.PatternMatchSuite" name="a-&gt;b, c where c has no out edges" time="0.214">
                                                 
                                               </testcase><testcase classname="org.graphframes.PatternMatchSuite" name="a-&gt;b, c without edges b-&gt;c-&gt;a" time="0.498">
                                                 
                                               </testcase><testcase classname="org.graphframes.PatternMatchSuite" name="a-&gt;b, c, d with no edges a-&gt;c, c-&gt;d" time="0.631">
                                                 
                                               </testcase><testcase classname="org.graphframes.PatternMatchSuite" name="query without non-negated terms, with one named vertex" time="0.111">
                                                 
                                               </testcase><testcase classname="org.graphframes.PatternMatchSuite" name="query without non-negated terms, with two named vertices" time="0.212">
                                                 
                                               </testcase><testcase classname="org.graphframes.PatternMatchSuite" name="named edges" time="0.131">
                                                 
                                               </testcase><testcase classname="org.graphframes.PatternMatchSuite" name="a-&gt;b but not a-&gt;b" time="0.462">
                                                 
                                               </testcase><testcase classname="org.graphframes.PatternMatchSuite" name="named edge __tmp" time="0.016">
                                                 
                                               </testcase><testcase classname="org.graphframes.PatternMatchSuite" name="find column order" time="0.609">
                                                 
                                               </testcase><testcase classname="org.graphframes.PatternMatchSuite" name="Disallow empty term ()-[]-&gt;()" time="0.001">
                                                 
                                               </testcase><testcase classname="org.graphframes.PatternMatchSuite" name="Disallow named edges in negated terms" time="0.001">
                                                 
                                               </testcase><testcase classname="org.graphframes.PatternMatchSuite" name="Disallow using the same name for both a vertex and an edge" time="0.001">
                                                 
                                               </testcase><testcase classname="org.graphframes.PatternMatchSuite" name="triangles via post-hoc filter" time="0.183">
                                                 
                                               </testcase><testcase classname="org.graphframes.PatternMatchSuite" name="stateful predicates via UDFs" time="0.581">
                                                 
                                               </testcase>
                     <system-out></system-out>
                     <system-err></system-err>
                   </testsuite>